[    0.000000] Linux version 4.15.0-213-generic (buildd@lcy02-amd64-079) (gcc version 7.5.0 (Ubuntu 7.5.0-3ubuntu1~18.04)) #224-Ubuntu SMP Mon Jun 19 13:30:12 UTC 2023 (Ubuntu 4.15.0-213.224-generic 4.15.18)
[    0.000000] Command line: BOOT_IMAGE=/boot/vmlinuz-4.15.0-213-generic root=UUID=f685bb41-0e3b-40c4-89c1-eea0f0583525 ro console=tty1 console=ttyS0
[    0.000000] KERNEL supported cpus:
[    0.000000]   Intel GenuineIntel
[    0.000000]   AMD AuthenticAMD
[    0.000000]   Centaur CentaurHauls
[    0.000000] x86/fpu: x87 FPU will use FXSAVE
[    0.000000] e820: BIOS-provided physical RAM map:
[    0.000000] BIOS-e820: [mem 0x0000000000000000-0x000000000009fbff] usable
[    0.000000] BIOS-e820: [mem 0x000000000009fc00-0x000000000009ffff] reserved
[    0.000000] BIOS-e820: [mem 0x00000000000f0000-0x00000000000fffff] reserved
[    0.000000] BIOS-e820: [mem 0x0000000000100000-0x000000003ffeffff] usable
[    0.000000] BIOS-e820: [mem 0x000000003fff0000-0x000000003fffffff] ACPI data
[    0.000000] BIOS-e820: [mem 0x00000000fec00000-0x00000000fec00fff] reserved
[    0.000000] BIOS-e820: [mem 0x00000000fee00000-0x00000000fee00fff] reserved
[    0.000000] BIOS-e820: [mem 0x00000000fffc0000-0x00000000ffffffff] reserved
[    0.000000] NX (Execute Disable) protection: active
[    0.000000] SMBIOS 2.5 present.
[    0.000000] DMI: innotek GmbH VirtualBox/VirtualBox, BIOS VirtualBox 12/01/2006
[    0.000000] Hypervisor detected: KVM
[    0.000000] e820: last_pfn = 0x3fff0 max_arch_pfn = 0x400000000
[    0.000000] x86/PAT: Configuration [0-7]: WB  WC  UC- UC  WB  WP  UC- WT  
[    0.000000] found SMP MP-table at [mem 0x0009fbf0-0x0009fbff]
[    0.000000] Scanning 1 areas for low memory corruption
[    0.000000] RAMDISK: [mem 0x35819000-0x36c03fff]
[    0.000000] ACPI: Early table checksum verification disabled
[    0.000000] ACPI: RSDP 0x00000000000E0000 000024 (v02 VBOX  )
[    0.000000] ACPI: XSDT 0x000000003FFF0030 00003C (v01 VBOX   VBOXXSDT 00000001 ASL  00000061)
[    0.000000] ACPI: FACP 0x000000003FFF00F0 0000F4 (v04 VBOX   VBOXFACP 00000001 ASL  00000061)
[    0.000000] ACPI: DSDT 0x000000003FFF0610 002353 (v02 VBOX   VBOXBIOS 00000002 INTL 20100528)
[    0.000000] ACPI: FACS 0x000000003FFF0200 000040
[    0.000000] ACPI: FACS 0x000000003FFF0200 000040
[    0.000000] ACPI: APIC 0x000000003FFF0240 00005C (v02 VBOX   VBOXAPIC 00000001 ASL  00000061)
[    0.000000] ACPI: SSDT 0x000000003FFF02A0 00036C (v01 VBOX   VBOXCPUT 00000002 INTL 20100528)
[    0.000000] ACPI: Reserving FACP table memory at [mem 0x3fff00f0-0x3fff01e3]
[    0.000000] ACPI: Reserving DSDT table memory at [mem 0x3fff0610-0x3fff2962]
[    0.000000] ACPI: Reserving FACS table memory at [mem 0x3fff0200-0x3fff023f]
[    0.000000] ACPI: Reserving FACS table memory at [mem 0x3fff0200-0x3fff023f]
[    0.000000] ACPI: Reserving APIC table memory at [mem 0x3fff0240-0x3fff029b]
[    0.000000] ACPI: Reserving SSDT table memory at [mem 0x3fff02a0-0x3fff060b]
[    0.000000] No NUMA configuration found
[    0.000000] Faking a node at [mem 0x0000000000000000-0x000000003ffeffff]
[    0.000000] NODE_DATA(0) allocated [mem 0x3ffc5000-0x3ffeffff]
[    0.000000] kvm-clock: cpu 0, msr 0:3ff44001, primary cpu clock
[    0.000000] kvm-clock: Using msrs 4b564d01 and 4b564d00
[    0.000000] kvm-clock: using sched offset of 5443888559 cycles
[    0.000000] clocksource: kvm-clock: mask: 0xffffffffffffffff max_cycles: 0x1cd42e4dffb, max_idle_ns: 881590591483 ns
[    0.000000] Zone ranges:
[    0.000000]   DMA      [mem 0x0000000000001000-0x0000000000ffffff]
[    0.000000]   DMA32    [mem 0x0000000001000000-0x000000003ffeffff]
[    0.000000]   Normal   empty
[    0.000000]   Device   empty
[    0.000000] Movable zone start for each node
[    0.000000] Early memory node ranges
[    0.000000]   node   0: [mem 0x0000000000001000-0x000000000009efff]
[    0.000000]   node   0: [mem 0x0000000000100000-0x000000003ffeffff]
[    0.000000] Reserved but unavailable: 104 pages
[    0.000000] Initmem setup node 0 [mem 0x0000000000001000-0x000000003ffeffff]
[    0.000000] ACPI: PM-Timer IO Port: 0x4008
[    0.000000] IOAPIC[0]: apic_id 2, version 32, address 0xfec00000, GSI 0-23
[    0.000000] ACPI: INT_SRC_OVR (bus 0 bus_irq 0 global_irq 2 dfl dfl)
[    0.000000] ACPI: INT_SRC_OVR (bus 0 bus_irq 9 global_irq 9 low level)
[    0.000000] Using ACPI (MADT) for SMP configuration information
[    0.000000] smpboot: Allowing 2 CPUs, 0 hotplug CPUs
[    0.000000] PM: Registered nosave memory: [mem 0x00000000-0x00000fff]
[    0.000000] PM: Registered nosave memory: [mem 0x0009f000-0x0009ffff]
[    0.000000] PM: Registered nosave memory: [mem 0x000a0000-0x000effff]
[    0.000000] PM: Registered nosave memory: [mem 0x000f0000-0x000fffff]
[    0.000000] e820: [mem 0x40000000-0xfebfffff] available for PCI devices
[    0.000000] Booting paravirtualized kernel on KVM
[    0.000000] clocksource: refined-jiffies: mask: 0xffffffff max_cycles: 0xffffffff, max_idle_ns: 7645519600211568 ns
[    0.000000] setup_percpu: NR_CPUS:8192 nr_cpumask_bits:2 nr_cpu_ids:2 nr_node_ids:1
[    0.000000] percpu: Embedded 50 pages/cpu s167936 r8192 d28672 u1048576
[    0.000000] PV qspinlock hash table entries: 256 (order: 0, 4096 bytes)
[    0.000000] Built 1 zonelists, mobility grouping on.  Total pages: 257913
[    0.000000] Policy zone: DMA32
[    0.000000] Kernel command line: BOOT_IMAGE=/boot/vmlinuz-4.15.0-213-generic root=UUID=f685bb41-0e3b-40c4-89c1-eea0f0583525 ro console=tty1 console=ttyS0
[    0.000000] Memory: 981776K/1048120K available (12300K kernel code, 2477K rwdata, 4324K rodata, 2480K init, 2720K bss, 66344K reserved, 0K cma-reserved)
[    0.000000] SLUB: HWalign=64, Order=0-3, MinObjects=0, CPUs=2, Nodes=1
[    0.000000] Kernel/User page tables isolation: enabled
[    0.000000] ftrace: allocating 39508 entries in 155 pages
[    0.004000] Hierarchical RCU implementation.
[    0.004000] 	RCU restricting CPUs from NR_CPUS=8192 to nr_cpu_ids=2.
[    0.004000] 	Tasks RCU enabled.
[    0.004000] RCU: Adjusting geometry for rcu_fanout_leaf=16, nr_cpu_ids=2
[    0.004000] NR_IRQS: 524544, nr_irqs: 440, preallocated irqs: 16
[    0.004000] random: crng init done
[    0.004000] Console: colour VGA+ 80x25
[    0.004000] console [tty1] enabled
[    0.004000] console [ttyS0] enabled
[    0.004000] ACPI: Core revision 20170831
[    0.004000] ACPI: 2 ACPI AML tables successfully acquired and loaded
[    0.004000] APIC: Switch to symmetric I/O mode setup
[    0.005605] x2apic enabled
[    0.008041] Switched APIC routing to physical x2apic.
[    0.016000] ..TIMER: vector=0x30 apic1=0 pin1=2 apic2=-1 pin2=-1
[    0.016024] tsc: Detected 1439.954 MHz processor
[    0.020040] Calibrating delay loop (skipped) preset value.. 2879.90 BogoMIPS (lpj=5759816)
[    0.024025] pid_max: default: 32768 minimum: 301
[    0.028149] Security Framework initialized
[    0.031987] Yama: becoming mindful.
[    0.032152] AppArmor: AppArmor initialized
[    0.040203] Dentry cache hash table entries: 131072 (order: 8, 1048576 bytes)
[    0.044312] Inode-cache hash table entries: 65536 (order: 7, 524288 bytes)
[    0.048097] Mount-cache hash table entries: 2048 (order: 2, 16384 bytes)
[    0.052056] Mountpoint-cache hash table entries: 2048 (order: 2, 16384 bytes)
[    0.057346] Last level iTLB entries: 4KB 48, 2MB 0, 4MB 0
[    0.060022] Last level dTLB entries: 4KB 256, 2MB 16, 4MB 16, 1GB 0
[    0.064015] Spectre V1 : Mitigation: usercopy/swapgs barriers and __user pointer sanitization
[    0.068024] Spectre V2 : Mitigation: Retpolines
[    0.072023] Spectre V2 : Spectre v2 / SpectreRSB mitigation: Filling RSB on context switch
[    0.076019] Spectre V2 : Spectre v2 / SpectreRSB : Filling RSB on VMEXIT
[    0.080206] MDS: Vulnerable: Clear CPU buffers attempted, no microcode
[    0.084010] MMIO Stale Data: Unknown: No mitigations
[    0.088563] Freeing SMP alternatives memory: 36K
[    0.205579] smpboot: CPU0: Intel(R) Atom(TM) x5-Z8350  CPU @ 1.44GHz (family: 0x6, model: 0x4c, stepping: 0x4)
[    0.208362] Performance Events: unsupported p6 CPU model 76 no PMU driver, software events only.
[    0.212277] Hierarchical SRCU implementation.
[    0.221270] NMI watchdog: Perf event create on CPU 0 failed with -2
[    0.224018] NMI watchdog: Perf NMI watchdog permanently disabled
[    0.228333] smp: Bringing up secondary CPUs ...
[    0.232582] x86: Booting SMP configuration:
[    0.236016] .... node  #0, CPUs:      #1
[    0.004000] kvm-clock: cpu 1, msr 0:3ff44041, secondary cpu clock
[    0.252120] smp: Brought up 1 node, 2 CPUs
[    0.256027] smpboot: Max logical packages: 1
[    0.260029] smpboot: Total of 2 processors activated (5759.81 BogoMIPS)
[    0.268763] devtmpfs: initialized
[    0.272190] x86/mm: Memory block size: 128MB
[    0.276519] evm: security.selinux
[    0.280011] evm: security.SMACK64
[    0.284015] evm: security.SMACK64EXEC
[    0.288027] evm: security.SMACK64TRANSMUTE
[    0.292025] evm: security.SMACK64MMAP
[    0.296024] evm: security.apparmor
[    0.299368] evm: security.ima
[    0.300022] evm: security.capability
[    0.308178] clocksource: jiffies: mask: 0xffffffff max_cycles: 0xffffffff, max_idle_ns: 7645041785100000 ns
[    0.312074] futex hash table entries: 512 (order: 3, 32768 bytes)
[    0.316221] pinctrl core: initialized pinctrl subsystem
[    0.324520] RTC time: 13:27:30, date: 04/14/25
[    0.328851] NET: Registered protocol family 16
[    0.332280] audit: initializing netlink subsys (disabled)
[    0.336228] audit: type=2000 audit(1744637256.647:1): state=initialized audit_enabled=0 res=1
[    0.344076] cpuidle: using governor ladder
[    0.348043] cpuidle: using governor menu
[    0.352201] ACPI: bus type PCI registered
[    0.356018] acpiphp: ACPI Hot Plug PCI Controller Driver version: 0.5
[    0.360484] PCI: Using configuration type 1 for base access
[    0.372196] HugeTLB registered 2.00 MiB page size, pre-allocated 0 pages
[    0.380304] ACPI: Added _OSI(Module Device)
[    0.384045] ACPI: Added _OSI(Processor Device)
[    0.388028] ACPI: Added _OSI(3.0 _SCP Extensions)
[    0.392014] ACPI: Added _OSI(Processor Aggregator Device)
[    0.396013] ACPI: Added _OSI(Linux-Dell-Video)
[    0.400030] ACPI: Added _OSI(Linux-Lenovo-NV-HDMI-Audio)
[    0.404016] ACPI: Added _OSI(Linux-HPI-Hybrid-Graphics)
[    0.413028] ACPI: Executed 1 blocks of module-level executable AML code
[    0.433377] ACPI: Interpreter enabled
[    0.436067] ACPI: (supports S0 S5)
[    0.440014] ACPI: Using IOAPIC for interrupt routing
[    0.445427] PCI: Using host bridge windows from ACPI; if necessary, use "pci=nocrs" and report a bug
[    0.448809] ACPI: Enabled 2 GPEs in block 00 to 07
[    0.489904] ACPI: PCI Root Bridge [PCI0] (domain 0000 [bus 00-ff])
[    0.492063] acpi PNP0A03:00: _OSC: OS supports [ASPM ClockPM Segments MSI]
[    0.498874] acpi PNP0A03:00: _OSC: not requesting OS control; OS requires [ExtendedConfig ASPM ClockPM MSI]
[    0.500161] acpi PNP0A03:00: fail to add MMCONFIG information, can't access extended PCI configuration space under this bridge.
[    0.506219] PCI host bridge to bus 0000:00
[    0.508036] pci_bus 0000:00: root bus resource [io  0x0000-0x0cf7 window]
[    0.512039] pci_bus 0000:00: root bus resource [io  0x0d00-0xffff window]
[    0.516036] pci_bus 0000:00: root bus resource [mem 0x000a0000-0x000bffff window]
[    0.520040] pci_bus 0000:00: root bus resource [mem 0x40000000-0xfdffffff window]
[    0.524037] pci_bus 0000:00: root bus resource [bus 00-ff]
[    0.540342] pci 0000:00:01.1: legacy IDE quirk: reg 0x10: [io  0x01f0-0x01f7]
[    0.544023] pci 0000:00:01.1: legacy IDE quirk: reg 0x14: [io  0x03f6]
[    0.548030] pci 0000:00:01.1: legacy IDE quirk: reg 0x18: [io  0x0170-0x0177]
[    0.552020] pci 0000:00:01.1: legacy IDE quirk: reg 0x1c: [io  0x0376]
[    0.664946] pci 0000:00:07.0: quirk: [io  0x4000-0x403f] claimed by PIIX4 ACPI
[    0.668073] pci 0000:00:07.0: quirk: [io  0x4100-0x410f] claimed by PIIX4 SMB
[    0.714735] ACPI: PCI Interrupt Link [LNKA] (IRQs 5 9 10 *11)
[    0.718496] ACPI: PCI Interrupt Link [LNKB] (IRQs 5 9 *10 11)
[    0.724453] ACPI: PCI Interrupt Link [LNKC] (IRQs 5 *9 10 11)
[    0.728612] ACPI: PCI Interrupt Link [LNKD] (IRQs 5 9 10 *11)
[    0.733912] SCSI subsystem initialized
[    0.740191] pci 0000:00:02.0: vgaarb: setting as boot VGA device
[    0.744000] pci 0000:00:02.0: vgaarb: VGA device added: decodes=io+mem,owns=io+mem,locks=none
[    0.744041] pci 0000:00:02.0: vgaarb: bridge control possible
[    0.748025] vgaarb: loaded
[    0.752184] ACPI: bus type USB registered
[    0.756114] usbcore: registered new interface driver usbfs
[    0.760105] usbcore: registered new interface driver hub
[    0.764100] usbcore: registered new device driver usb
[    0.768360] EDAC MC: Ver: 3.0.0
[    0.773075] PCI: Using ACPI for IRQ routing
[    0.781238] NetLabel: Initializing
[    0.784024] NetLabel:  domain hash size = 128
[    0.788012] NetLabel:  protocols = UNLABELED CIPSOv4 CALIPSO
[    0.792094] NetLabel:  unlabeled traffic allowed by default
[    0.796295] clocksource: Switched to clocksource kvm-clock
[    0.847384] VFS: Disk quotas dquot_6.6.0
[    0.851599] VFS: Dquot-cache hash table entries: 512 (order 0, 4096 bytes)
[    0.859104] AppArmor: AppArmor Filesystem Enabled
[    0.864166] pnp: PnP ACPI init
[    0.873491] pnp: PnP ACPI: found 3 devices
[    0.901681] clocksource: acpi_pm: mask: 0xffffff max_cycles: 0xffffff, max_idle_ns: 2085701024 ns
[    0.911235] NET: Registered protocol family 2
[    0.915947] IP idents hash table entries: 16384 (order: 5, 131072 bytes)
[    0.926275] TCP established hash table entries: 8192 (order: 4, 65536 bytes)
[    0.933054] TCP bind hash table entries: 8192 (order: 5, 131072 bytes)
[    0.939621] TCP: Hash tables configured (established 8192 bind 8192)
[    0.945957] UDP hash table entries: 512 (order: 2, 16384 bytes)
[    0.951647] UDP-Lite hash table entries: 512 (order: 2, 16384 bytes)
[    0.958647] NET: Registered protocol family 1
[    0.962959] pci 0000:00:00.0: Limiting direct PCI/PCI transfers
[    0.968734] pci 0000:00:01.0: Activating ISA DMA hang workarounds
[    0.974683] pci 0000:00:02.0: Video device with shadowed ROM at [mem 0x000c0000-0x000dffff]
[    0.983814] Unpacking initramfs...
[    3.614850] Freeing initrd memory: 20396K
[    3.619643] clocksource: tsc: mask: 0xffffffffffffffff max_cycles: 0x14c18f67c3a, max_idle_ns: 440795268761 ns
[    3.629696] platform rtc_cmos: registered platform RTC device (no PNP device found)
[    3.637315] Scanning for low memory corruption every 60 seconds
[    3.645594] Initialise system trusted keyrings
[    3.650560] Key type blacklist registered
[    3.655122] workingset: timestamp_bits=36 max_order=18 bucket_order=0
[    3.665146] zbud: loaded
[    3.669522] squashfs: version 4.0 (2009/01/31) Phillip Lougher
[    3.676582] fuse init (API version 7.26)
[    3.690179] Key type asymmetric registered
[    3.694329] Asymmetric key parser 'x509' registered
[    3.699317] Block layer SCSI generic (bsg) driver version 0.4 loaded (major 246)
[    3.706974] io scheduler noop registered
[    3.711086] io scheduler deadline registered
[    3.715464] io scheduler cfq registered (default)
[    3.721267] ACPI: AC Adapter [AC] (on-line)
[    3.726389] input: Power Button as /devices/LNXSYSTM:00/LNXPWRBN:00/input/input0
[    3.734210] ACPI: Power Button [PWRF]
[    3.738159] input: Sleep Button as /devices/LNXSYSTM:00/LNXSLPBN:00/input/input1
[    3.745630] ACPI: Sleep Button [SLPF]
[    3.750751] Serial: 8250/16550 driver, 32 ports, IRQ sharing enabled
[    3.754689] ACPI: Battery Slot [BAT0] (battery present)
[    3.785470] 00:02: ttyS0 at I/O 0x3f8 (irq = 4, base_baud = 115200) is a 16550A
[    3.798468] Linux agpgart interface v0.103
[    3.808361] loop: module loaded
[    3.814792] scsi host0: ata_piix
[    3.819476] scsi host1: ata_piix
[    3.824253] ata1: PATA max UDMA/33 cmd 0x1f0 ctl 0x3f6 bmdma 0xd000 irq 14
[    3.831919] ata2: PATA max UDMA/33 cmd 0x170 ctl 0x376 bmdma 0xd008 irq 15
[    3.839610] tun: Universal TUN/TAP device driver, 1.6
[    3.846027] PPP generic driver version 2.4.2
[    3.851043] ehci_hcd: USB 2.0 'Enhanced' Host Controller (EHCI) Driver
[    3.857699] ehci-pci: EHCI PCI platform driver
[    3.862218] ehci-platform: EHCI generic platform driver
[    3.868060] ohci_hcd: USB 1.1 'Open' Host Controller (OHCI) Driver
[    3.875003] ohci-pci: OHCI PCI platform driver
[    3.880044] ohci-platform: OHCI generic platform driver
[    3.885696] uhci_hcd: USB Universal Host Controller Interface driver
[    3.893428] i8042: PNP: PS/2 Controller [PNP0303:PS2K,PNP0f03:PS2M] at 0x60,0x64 irq 1,12
[    3.904143] serio: i8042 KBD port at 0x60,0x64 irq 1
[    3.909673] serio: i8042 AUX port at 0x60,0x64 irq 12
[    3.916535] mousedev: PS/2 mouse device common for all mice
[    3.926041] input: AT Translated Set 2 keyboard as /devices/platform/i8042/serio0/input/input2
[    3.926455] rtc_cmos rtc_cmos: rtc core: registered rtc_cmos as rtc0
[    3.945560] rtc_cmos rtc_cmos: alarms up to one day, 114 bytes nvram
[    3.953271] i2c /dev entries driver
[    3.957813] device-mapper: uevent: version 1.0.3
[    3.963604] device-mapper: ioctl: 4.37.0-ioctl (2017-09-20) initialised: dm-devel@redhat.com
[    3.972713] ledtrig-cpu: registered to indicate activity on CPUs
[    3.980832] NET: Registered protocol family 10
[    4.036718] Segment Routing with IPv6
[    4.041166] NET: Registered protocol family 17
[    4.046343] Key type dns_resolver registered
[    4.051356] mce: Using 0 MCE banks
[    4.055371] RAS: Correctable Errors collector initialized.
[    4.061594] sched_clock: Marking stable (4061423323, 0)->(5040425551, -979002228)
[    4.071255] registered taskstats version 1
[    4.075795] Loading compiled-in X.509 certificates
[    4.094119] Loaded X.509 cert 'Build time autogenerated kernel key: cdc7189136aaa35407544516090e2034d9c28e14'
[    4.106660] Loaded X.509 cert 'Canonical Ltd. Live Patch Signing: 14df34d1a87cf37625abec039ef2bf521249b969'
[    4.119102] Loaded X.509 cert 'Canonical Ltd. Kernel Module Signing: 88f752e560a1e0737e31163a466ad7b70a850c19'
[    4.128754] blacklist: Loading compiled-in revocation X.509 certificates
[    4.136516] Loaded X.509 cert 'Canonical Ltd. Secure Boot Signing: 61482aa2830d0ab2ad5af10b7250da9033ddcef0'
[    4.146992] Loaded X.509 cert 'Canonical Ltd. Secure Boot Signing (2017): 242ade75ac4a15e50d50c84b0d45ff3eae707a03'
[    4.157615] Loaded X.509 cert 'Canonical Ltd. Secure Boot Signing (ESM 2018): 365188c1d374d6b07c3c8f240f8ef722433d6a8b'
[    4.168551] Loaded X.509 cert 'Canonical Ltd. Secure Boot Signing (2019): c0746fd6c5da3ae827864651ad66ae47fe24b3e8'
[    4.179008] Loaded X.509 cert 'Canonical Ltd. Secure Boot Signing (2021 v1): a8d54bbb3825cfb94fa13c9f8a594a195c107b8d'
[    4.189403] Loaded X.509 cert 'Canonical Ltd. Secure Boot Signing (2021 v2): 4cf046892d6fd3c9a5b03f98d845f90851dc6a8c'
[    4.199232] Loaded X.509 cert 'Canonical Ltd. Secure Boot Signing (2021 v3): 100437bb6de6e469b581e61cd66bce3ef4ed53af'
[    4.209308] Loaded X.509 cert 'Canonical Ltd. Secure Boot Signing (Ubuntu Core 2019): c1d57b8f6b743f23ee41f4f7ee292f06eecadfb9'
[    4.219944] zswap: loaded using pool lzo/zbud
[    4.246784] Key type big_key registered
[    4.250835] Key type trusted registered
[    4.265091] Key type encrypted registered
[    4.269087] AppArmor: AppArmor sha1 policy hashing enabled
[    4.274447] ima: No TPM chip found, activating TPM-bypass! (rc=-19)
[    4.280423] ima: Allocated hash algorithm: sha1
[    4.284853] evm: HMAC attrs: 0x1
[    4.289159]   Magic number: 5:344:483
[    4.293198] rtc_cmos rtc_cmos: setting system clock to 2025-04-14 13:27:34 UTC (1744637254)
[    4.301590] BIOS EDD facility v0.16 2004-Jun-25, 0 devices found
[    4.307368] EDD information not available.
[    4.321139] Freeing unused kernel image memory: 2480K
[    4.348641] Write protecting the kernel read-only data: 20480k
[    4.358089] Freeing unused kernel image memory: 2008K
[    4.365848] Freeing unused kernel image memory: 1820K
[    4.401537] x86/mm: Checked W+X mappings: passed, no W+X pages found.
[    4.409502] x86/mm: Checking user space page tables
[    4.462951] x86/mm: Checked W+X mappings: passed, no W+X pages found.
Loading, please wait...
starting version 237
[    5.020357] e1000: Intel(R) PRO/1000 Network Driver - version 7.3.21-k8-NAPI
[    5.028457] e1000: Copyright (c) 1999-2006 Intel Corporation.
[    5.038375] Fusion MPT base driver 3.04.20
[    5.043613] Copyright (c) 1999-2008 LSI Corporation
[    5.082511] Fusion MPT SPI Host driver 3.04.20
[    5.261238] SSE version of gcm_enc/dec engaged.
[    5.270693] input: ImExPS/2 Generic Explorer Mouse as /devices/platform/i8042/serio1/input/input4
[    6.235239] e1000 0000:00:03.0 eth0: (PCI:33MHz:32-bit) 02:3b:7b:b7:3b:2d
[    6.244859] e1000 0000:00:03.0 eth0: Intel(R) PRO/1000 Network Connection
[    6.296445] mptbase: ioc0: Initiating bringup
[    6.300719] e1000 0000:00:03.0 enp0s3: renamed from eth0
[    6.425787] ioc0: LSI53C1030 A0: Capabilities={Initiator}
[    6.685494] scsi host2: ioc0: LSI53C1030 A0, FwRev=00000000h, Ports=1, MaxQ=256, IRQ=20
[    6.863328] scsi 2:0:0:0: Direct-Access     VBOX     HARDDISK         1.0  PQ: 0 ANSI: 5
[    7.731087] scsi target2:0:0: Beginning Domain Validation
[    7.762677] scsi target2:0:0: Domain Validation skipping write tests
[    7.768543] scsi target2:0:0: Ending Domain Validation
[    7.773450] scsi target2:0:0: asynchronous
[    7.779969] scsi 2:0:1:0: Direct-Access     VBOX     HARDDISK         1.0  PQ: 0 ANSI: 5
[    8.269267] scsi target2:0:1: Beginning Domain Validation
[    8.279301] scsi target2:0:1: Domain Validation skipping write tests
[    8.285803] scsi target2:0:1: Ending Domain Validation
[    8.291068] scsi target2:0:1: asynchronous
[    8.312807] sd 2:0:0:0: [sda] 83886080 512-byte logical blocks: (42.9 GB/40.0 GiB)
[    8.320435] sd 2:0:0:0: Attached scsi generic sg0 type 0
[    8.320639] sd 2:0:0:0: [sda] Write Protect is off
[    8.328940] sd 2:0:1:0: Attached scsi generic sg1 type 0
[    8.337975] sd 2:0:0:0: [sda] Incomplete mode parameter data
[    8.345071] sd 2:0:0:0: [sda] Assuming drive cache: write through
[    8.345187] sd 2:0:1:0: [sdb] 20480 512-byte logical blocks: (10.5 MB/10.0 MiB)
[    8.359876] sd 2:0:1:0: [sdb] Write Protect is off
[    8.364695]  sda: sda1
[    8.370041] sd 2:0:1:0: [sdb] Incomplete mode parameter data
[    8.371071] sd 2:0:0:0: [sda] Attached SCSI disk
[    8.376673] sd 2:0:1:0: [sdb] Assuming drive cache: write through
[    8.398807] sd 2:0:1:0: [sdb] Attached SCSI disk
Begin: Loading essential drivers ... [   12.020432] raid6: sse2x1   gen()   528 MB/s
[   12.072733] raid6: sse2x1   xor()  1100 MB/s
[   12.124375] raid6: sse2x2   gen()   403 MB/s
[   12.176177] raid6: sse2x2   xor()  1737 MB/s
[   12.224238] raid6: sse2x4   gen()   459 MB/s
[   12.276152] raid6: sse2x4   xor()   559 MB/s
[   12.281390] raid6: using algorithm sse2x1 gen() 528 MB/s
[   12.287472] raid6: .... xor() 1100 MB/s, rmw enabled
[   12.293478] raid6: using ssse3x2 recovery algorithm
[   12.303870] xor: measuring software checksum speed
[   12.348140]    prefetch64-sse:  4755.000 MB/sec
[   12.388099]    generic_sse:  4423.000 MB/sec
[   12.392521] xor: using function: prefetch64-sse (4755.000 MB/sec)
[   12.402987] async_tx: api initialized (async)
done.
Begin: Running /scripts/init-premount ... done.
Begin: Mounting root file system ... Begin: Running /scripts/local-top ... done.
Begin: Running /scripts/local-premount ... [   12.651954] Btrfs loaded, crc32c=crc32c-intel
Scanning for Btrfs filesystems
done.
Begin: Will now check root file system ... fsck from util-linux 2.31.1
[/sbin/fsck.ext4 (1) -- /dev/sda1] fsck.ext4 -a -C0 /dev/sda1 
cloudimg-rootfs: recovering journal
cloudimg-rootfs: clean, 125920/5120000 files, 1029221/10485499 blocks
done.
[   13.119540] EXT4-fs (sda1): mounted filesystem with ordered data mode. Opts: (null)
done.
Begin: Running /scripts/local-bottom ... done.
Begin: Running /scripts/init-bottom ... done.
[   13.939644] ip_tables: (C) 2000-2006 Netfilter Core Team
[   13.984971] systemd[1]: systemd 237 running in system mode. (+PAM +AUDIT +SELINUX +IMA +APPARMOR +SMACK +SYSVINIT +UTMP +LIBCRYPTSETUP +GCRYPT +GNUTLS +ACL +XZ +LZ4 +SECCOMP +BLKID +ELFUTILS +KMOD -IDN2 +IDN -PCRE2 default-hierarchy=hybrid)
[   14.004887] systemd[1]: Detected virtualization oracle.
[   14.010513] systemd[1]: Detected architecture x86-64.

Welcome to [1mUbuntu 18.04.6 LTS[0m!

[   14.040354] systemd[1]: Set hostname to <ubuntu-bionic>.
[   15.117314] systemd[1]: Created slice User and Session Slice.
[[0;32m  OK  [0m] Created slice User and Session Slice.
[   15.128992] systemd[1]: Created slice System Slice.
[[0;32m  OK  [0m] Created slice System Slice.
[   15.137676] systemd[1]: Listening on Journal Socket (/dev/log).
[[0;32m  OK  [0m] Listening on Journal Socket (/dev/log).
[   15.147886] systemd[1]: Listening on LVM2 metadata daemon socket.
[[0;32m  OK  [0m] Listening on LVM2 metadata daemon socket.
[   15.158866] systemd[1]: Started Forward Password Requests to Wall Directory Watch.
[[0;32m  OK  [0m] Started Forward Password Requests to Wall Directory Watch.
[   15.172803] systemd[1]: Listening on LVM2 poll daemon socket.
[[0;32m  OK  [0m] Listening on LVM2 poll daemon socket.
[[0;32m  OK  [0m] Reached target System Time Synchronized.
[[0;32m  OK  [0m] Listening on Journal Socket.
         Starting Uncomplicated firewall...
         Mounting Huge Pages File System...
[[0;32m  OK  [0m] Reached target Slices.
[[0;32m  OK  [0m] Listening on udev Kernel Socket.
[[0;32m  OK  [0m] Listening on Journal Audit Socket.
[[0;32m  OK  [0m] Listening on Syslog Socket.
         Starting Journal Service...
         Starting Create list of required st…ce nodes for the current kernel...
[[0;32m  OK  [0m] Listening on Device-mapper event daemon FIFOs.
         Starting Monitoring of LVM2 mirrors…ng dmeventd or progress polling...
         Starting Set the console keyboard layout...
[[0;32m  OK  [0m] Listening on Network Service Netlink Socket.
         Starting Load Kernel Modules...
[[0;32m  OK  [0m] Listening on fsck to fsckd communication Socket.
         Starting Remount Root and Kernel File Systems...
[[0;32m  OK  [0m] Listening on /dev/initctl Compatibility Named Pipe.
         Mounting Kernel Debug File System...
[[0;32m  OK  [0m] Created slice system-serial\x2dgetty.slice.
         Mounting POSIX Message Queue File System...
[[0;32m  OK  [0m] Reached target User and Group Name Lookups.
[[0;32m  OK  [0m] Reached target Mounting snaps.
[[0;32m  OK  [0m] Listening on udev Control Socket.
[[0;32m  OK  [0m] Reached target Mounted snaps.
[[0;32m  OK  [0m] Reached target Swap.
[[0;32m  OK  [0m] Set up automount Arbitrary Executab…rmats File System Automount Point.
         Starting udev Coldplug all Devices...
[[0;32m  OK  [0m] Started Uncomplicated firewall.
[[0;32m  OK  [0m] Mounted Huge Pages File System.
[[0;32m  OK  [0m] Started Create list of required sta…vice nodes for the current kernel.
[[0;32m  OK  [0m] Mounted Kernel Debug File System.
[[0;32m  OK  [0m] [   15.935894] EXT4-fs (sda1): re-mounted. Opts: (null)
Mounted POSIX Message Queue File System.
[   15.955404] Loading iSCSI transport class v2.0-870.
[[0;32m  OK  [0m] Started LVM2 metadata daemon.
         Starting Create Static Device Nodes in /dev...
[[0;32m  OK  [0m] Started Remount Root and Kernel File Systems.
         Starting Load/Save Random Seed...
[   16.139367] iscsi: registered transport (tcp)
[[0;32m  OK  [0m] Started Monitoring of LVM2 mirrors,…sing dmeventd or progress polling.
[[0;32m  OK  [0m] Started Create Static Device Nodes in /dev.
[[0;32m  OK  [0m] Started Load/Save Random Seed.
         Starting udev Kernel Device Manager...
[[0;32m  OK  [0m] Started Journal Service.
         Starting Flush Journal to Persistent Storage...
[   16.393583] systemd-journald[422]: Received request to flush runtime journal from PID 1
[[0;32m  OK  [0m] Started udev Kernel Device Manager.
[   16.725676] iscsi: registered transport (iser)
[[0;32m  OK  [0m] Started Load Kernel Modules.
         Mounting Kernel Configuration File System...
         Mounting FUSE Control File System...
         Starting Apply Kernel Variables...
[[0;32m  OK  [0m] Mounted Kernel Configuration File System.
[[0;32m  OK  [0m] Mounted FUSE Control File System.
[[0;32m  OK  [0m] Started udev Coldplug all Devices.
[[0;32m  OK  [0m] Started Apply Kernel Variables.
[[0;32m  OK  [0m] Started Set the console keyboard layout.
[[0;32m  OK  [0m] Reached target Local File Systems (Pre).
[[0;32m  OK  [0m] Reached target Local File Systems.
         Starting ebtables ruleset management...
         Starting AppArmor initialization...
         Starting Tell Plymouth To Write Out Runtime Data...
         Starting Set console font and keymap...
[[0;32m  OK  [0m] Started Dispatch Password Requests to Console Directory Watch.
[[0;32m  OK  [0m] Reached target Local Encrypted Volumes.
[[0;32m  OK  [0m] Started Flush Journal to Persistent Storage.
[[0;32m  OK  [0m] Started Tell Plymouth To Write Out Runtime Data.
         Starting Create Volatile Files and Directories...
[[0;32m  OK  [0m] Started Set console font and keymap.
[[0;32m  OK  [0m] Started ebtables ruleset management.
[[0;32m  OK  [0m] Started Create Volatile Files and Directories.
         Starting Update UTMP about System Boot/Shutdown...
[[0;32m  OK  [0m] Started Update UTMP about System Boot/Shutdown.
[[0;32m  OK  [0m] Started AppArmor initialization.
         Starting Load AppArmor profiles managed internally by snapd...
         Starting Initial cloud-init job (pre-networking)...
         Mounting Arbitrary Executable File Formats File System...
[[0;32m  OK  [0m] Mounted Arbitrary Executable File Formats File System.
[[0;32m  OK  [0m] Started Load AppArmor profiles managed internally by snapd.
[[0;32m  OK  [0m] Found device /dev/ttyS0.
[[0;32m  OK  [0m] Listening on Load/Save RF Kill Switch Status /dev/rfkill Watch.
[   25.749232] cloud-init[543]: Cloud-init v. 23.1.2-0ubuntu0~18.04.1 running 'init-local' at Mon, 14 Apr 2025 13:27:54 +0000. Up 24.70 seconds.
[[0;32m  OK  [0m] Started Initial cloud-init job (pre-networking).
[[0;32m  OK  [0m] Reached target Network (Pre).
         Starting Network Service...
[[0;32m  OK  [0m] Started Network Service.
         Starting Wait for Network to be Configured...
         Starting Network Name Resolution...
[[0;32m  OK  [0m] Started Network Name Resolution.
[[0;32m  OK  [0m] Reached target Network.
[[0;32m  OK  [0m] Reached target Host and Network Name Lookups.
[[0;32m  OK  [0m] Started Wait for Network to be Configured.
         Starting Initial cloud-init job (metadata service crawler)...
[   38.047858] cloud-init[675]: Cloud-init v. 23.1.2-0ubuntu0~18.04.1 running 'init' at Mon, 14 Apr 2025 13:28:06 +0000. Up 36.64 seconds.
[   38.073115] cloud-init[675]: ci-info: ++++++++++++++++++++++++++++++++++++++Net device info++++++++++++++++++++++++++++++++++++++
[   38.082230] cloud-init[675]: ci-info: +--------+------+----------------------------+---------------+--------+-------------------+
[   38.090958] cloud-init[675]: ci-info: | Device |  Up  |          Address           |      Mask     | Scope  |     Hw-Address    |
[   38.100971] cloud-init[675]: ci-info: +--------+------+----------------------------+---------------+--------+-------------------+
[   38.124855] cloud-init[675]: ci-info: | enp0s3 | True |         10.0.2.15          | 255.255.255.0 | global | 02:3b:7b:b7:3b:2d |
[   38.137128] cloud-init[675]: ci-info: | enp0s3 | True | fd00::3b:7bff:feb7:3b2d/64 |       .       | global | 02:3b:7b:b7:3b:2d |
[   38.145051] cloud-init[675]: ci-info: | enp0s3 | True | fe80::3b:7bff:feb7:3b2d/64 |       .       |  link  | 02:3b:7b:b7:3b:2d |
[   38.159758] cloud-init[675]: ci-info: |   lo   | True |         127.0.0.1          |   255.0.0.0   |  host  |         .         |
[   38.170066] cloud-init[675]: ci-info: |   lo   | True |          ::1/128           |       .       |  host  |         .         |
[   38.188906] cloud-init[675]: ci-info: +--------+------+----------------------------+---------------+--------+-------------------+
[   38.208963] cloud-init[675]: ci-info: ++++++++++++++++++++++++++++Route IPv4 info+++++++++++++++++++++++++++++
[   38.218239] cloud-init[675]: ci-info: +-------+-------------+----------+-----------------+-----------+-------+
[   38.225769] cloud-init[675]: ci-info: | Route | Destination | Gateway  |     Genmask     | Interface | Flags |
[   38.239657] cloud-init[675]: ci-info: +-------+-------------+----------+-----------------+-----------+-------+
[   38.247943] cloud-init[675]: ci-info: |   0   |   0.0.0.0   | 10.0.2.2 |     0.0.0.0     |   enp0s3  |   UG  |
[   38.280850] cloud-init[675]: ci-info: |   1   |   10.0.2.0  | 0.0.0.0  |  255.255.255.0  |   enp0s3  |   U   |
[   38.289220] cloud-init[675]: ci-info: |   2   |   10.0.2.2  | 0.0.0.0  | 255.255.255.255 |   enp0s3  |   UH  |
[   38.310053] cloud-init[675]: ci-info: +-------+-------------+----------+-----------------+-----------+-------+
[   38.328973] cloud-init[675]: ci-info: +++++++++++++++++++Route IPv6 info+++++++++++++++++++
[   38.337434] cloud-init[675]: ci-info: +-------+-------------+---------+-----------+-------+
[   38.343167] cloud-init[675]: ci-info: | Route | Destination | Gateway | Interface | Flags |
[   38.350315] cloud-init[675]: ci-info: +-------+-------------+---------+-----------+-------+
[   38.357694] cloud-init[675]: ci-info: |   1   |  fd00::/64  |    ::   |   enp0s3  |   U   |
[   38.364575] cloud-init[675]: ci-info: |   2   |  fe80::/64  |    ::   |   enp0s3  |   U   |
[   38.373233] cloud-init[675]: ci-info: |   3   |     ::/0    | fe80::2 |   enp0s3  |   UG  |
[   38.380963] cloud-init[675]: ci-info: |   5   |    local    |    ::   |   enp0s3  |   U   |
[   38.387569] cloud-init[675]: ci-info: |   6   |    local    |    ::   |   enp0s3  |   U   |
[   38.393741] cloud-init[675]: ci-info: |   7   |   ff00::/8  |    ::   |   enp0s3  |   U   |
[   38.409022] cloud-init[675]: ci-info: +-------+-------------+---------+-----------+-------+
[[0;32m  OK  [0m] Started Initial cloud-init job (metadata service crawler).
[[0;32m  OK  [0m] Reached target Cloud-config availability.
[[0;32m  OK  [0m] Reached target System Initialization.
[[0;32m  OK  [0m] Started Discard unused blocks once a week.
         Starting Socket activation for snappy daemon.
[[0;32m  OK  [0m] Started Ubuntu Advantage Timer for running repeated jobs.
[[0;32m  OK  [0m] Listening on Open-iSCSI iscsid Socket.
[[0;32m  OK  [0m] Listening on UUID daemon activation socket.
[[0;32m  OK  [0m] Started Daily apt upgrade and clean activities.
[[0;32m  OK  [0m] Started Message of the Day.
[[0;32m  OK  [0m] Started Daily Cleanup of Temporary Directories.
[[0;32m  OK  [0m] Reached target Timers.
[[0;32m  OK  [0m] Listening on ACPID Listen Socket.
[[0;32m  OK  [0m] Started ACPI Events Check.
[[0;32m  OK  [0m] Reached target Paths.
[[0;32m  OK  [0m] Listening on cloud-init hotplug hook socket.
         Starting LXD - unix socket.
[[0;32m  OK  [0m] Listening on D-Bus System Message Bus Socket.
[[0;32m  OK  [0m] Reached target Network is Online.
         Starting Availability of block devices...
[[0;32m  OK  [0m] Reached target Remote File Systems (Pre).
         Mounting /vagrant...
[[0;32m  OK  [0m] Listening on Socket activation for snappy daemon.
[[0;32m  OK  [0m] Listening on LXD - unix socket.
[[0;32m  OK  [0m] Started Availability of block devices.
[[0;32m  OK  [0m] Reached target Sockets.
[[0;32m  OK  [0m] Reached target Basic System.
[[0;32m  OK  [0m] Started Deferred execution scheduler.
         Starting Discard unused blocks...
[[0;32m  OK  [0m] Started D-Bus System Message Bus.
[[0;32m  OK  [0m] Started irqbalance daemon.
         Starting Accounts Service...
         Starting Virtualbox guest utils...
         Starting LSB: Record successful boot for GRUB...
         Starting LXD - container startup/shutdown...
         Starting Login Service...
         Starting Message of the Day...
[[0;32m  OK  [0m] Reached target Login Prompts (Pre).
[[0;32m  OK  [0m] Started FUSE filesystem for LXC.
         Starting Snap Daemon...
         Starting System Logging Service...
         Starting Daily apt upgrade and clean activities...
         Starting Dispatcher daemon for systemd-networkd...
         Starting OpenBSD Secure Shell server...
[[0;32m  OK  [0m] Started Regular background program processing daemon.
[[0;32m  OK  [0m] Started System Logging Service.
[[0;32m  OK  [0m] Mounted /vagrant.
[[0;32m  OK  [0m] Started Discard unused blocks.
[[0;32m  OK  [0m] Started Login Service.
         Starting Authorization Manager...
[[0;32m  OK  [0m] Started Unattended Upgrades Shutdown.
         Starting Hostname Service...
[[0;32m  OK  [0m] Reached target Remote File Systems.
         Starting Permit User Sessions...
         Starting LSB: automatic crash report generation...
[[0;32m  OK  [0m] Started Permit User Sessions.
         Starting Terminate Plymouth Boot Screen...
         Starting Hold until boot process finishes up...
[[0;32m  OK  [0m] Started LSB: Record successful boot for GRUB.
[[0;32m  OK  [0m] Started Terminate Plymouth Boot Screen.
[[0;32m  OK  [0m] Started Hold until boot process finishes up.
         Starting Set console scheme...
[[0;32m  OK  [0m] Started Serial Getty on ttyS0.
[[0;32m  OK  [0m] Started Set console scheme.
[[0;32m  OK  [0m] Created slice system-getty.slice.
[[0;32m  OK  [0m] Started Getty on tty1.
[[0;32m  OK  [0m] Reached target Login Prompts.
[[0;32m  OK  [0m] Started LXD - container startup/shutdown.
[[0;32m  OK  [0m] Started Authorization Manager.
[[0;32m  OK  [0m] Started Accounts Service.
[[0;32m  OK  [0m] Started LSB: automatic crash report generation.
[[0;32m  OK  [0m] Started Hostname Service.
[[0;32m  OK  [0m] Started OpenBSD Secure Shell server.
[[0;32m  OK  [0m] Started Virtualbox guest utils.
[[0;32m  OK  [0m] Started Dispatcher daemon for systemd-networkd.
[[0;32m  OK  [0m] Created slice User Slice of vagrant.
         Starting User Manager for UID 1000...
[[0;32m  OK  [0m] Started Session 1 of user vagrant.
[[0;32m  OK  [0m] Started Snap Daemon.
         Starting Wait until snapd is fully seeded...
         Starting Time & Date Service...
[[0;32m  OK  [0m] Started Time & Date Service.
[[0;32m  OK  [0m] Started User Manager for UID 1000.
[[0;32m  OK  [0m] Started Wait until snapd is fully seeded.
         Starting Apply the settings specified in cloud-config...

Ubuntu 18.04.6 LTS ubuntu-bionic ttyS0

ubuntu-bionic login: [   58.590514] cloud-init[928]: Cloud-init v. 23.1.2-0ubuntu0~18.04.1 running 'modules:config' at Mon, 14 Apr 2025 13:28:27 +0000. Up 57.29 seconds.
[   65.646025] cloud-init[1167]: Cloud-init v. 23.1.2-0ubuntu0~18.04.1 running 'modules:final' at Mon, 14 Apr 2025 13:28:34 +0000. Up 64.35 seconds.
[   65.678163] cloud-init[1167]: Cloud-init v. 23.1.2-0ubuntu0~18.04.1 finished at Mon, 14 Apr 2025 13:28:35 +0000. Datasource DataSourceNoCloud [seed=/dev/sdb][dsmode=net].  Up 65.56 seconds
